<?xml version="1.0" encoding="UTF-8"?>
<!-- Generated by org.testng.reporters.JUnitXMLReporter -->
<testsuite ignored="0" hostname="DELL" failures="0" tests="8" name="Test" time="71.734" errors="0" timestamp="2025-11-10T12:08:46 IST">
  <testcase classname="testCases.TC001_AccountRegistrationTest" name="verify_account_registration" time="3.534"/>
  <testcase classname="testCases.TC002_LoginTest" name="verify_login" time="2.657"/>
  <testcase classname="testCases.TC003_LoginDDT" name="verify_loginDDT" time="5.623"/>
  <testcase classname="testCases.TC003_LoginDDT" name="verify_loginDDT" time="5.437"/>
  <testcase classname="testCases.TC003_LoginDDT" name="verify_loginDDT" time="5.479"/>
  <testcase classname="testCases.TC003_LoginDDT" name="verify_loginDDT" time="14.667"/>
  <testcase classname="testCases.TC003_LoginDDT" name="verify_loginDDT" time="6.256"/>
  <testcase classname="testCases.TC003_LoginDDT" name="verify_loginDDT" time="14.978"/>
</testsuite> <!-- Test -->
