<?xml version="1.0" encoding="UTF-8"?>
<!-- Generated by org.testng.reporters.JUnitXMLReporter -->
<testsuite ignored="0" hostname="DELL" failures="0" tests="8" name="Test" time="67.42" errors="0" timestamp="2025-11-10T15:13:25 IST">
  <testcase classname="testCases.TC001_AccountRegistrationTest" name="verify_account_registration" time="2.832"/>
  <testcase classname="testCases.TC002_LoginTest" name="verify_login" time="2.223"/>
  <testcase classname="testCases.TC003_LoginDDT" name="verify_loginDDT" time="5.043"/>
  <testcase classname="testCases.TC003_LoginDDT" name="verify_loginDDT" time="4.878"/>
  <testcase classname="testCases.TC003_LoginDDT" name="verify_loginDDT" time="5.086"/>
  <testcase classname="testCases.TC003_LoginDDT" name="verify_loginDDT" time="14.51"/>
  <testcase classname="testCases.TC003_LoginDDT" name="verify_loginDDT" time="5.288"/>
  <testcase classname="testCases.TC003_LoginDDT" name="verify_loginDDT" time="14.871"/>
</testsuite> <!-- Test -->
