<?xml version="1.0" encoding="UTF-8"?>
<testng-results ignored="0" total="2" passed="2" failed="0" skipped="0">
  <reporter-output>
  </reporter-output>
  <suite started-at="2025-12-14T17:48:06 IST" name="Master Suite" finished-at="2025-12-14T17:48:18 IST" duration-ms="12211">
    <groups>
      <group name="Master">
        <method signature="TC002_LoginTest.verify_login()[pri:0, instance:testCases.TC002_LoginTest@495fac5f]" name="verify_login" class="testCases.TC002_LoginTest"/>
        <method signature="TC006_WishListTest.verifyAddToWishlist()[pri:1, instance:testCases.TC006_WishListTest@7a1a3478]" name="verifyAddToWishlist" class="testCases.TC006_WishListTest"/>
      </group> <!-- Master -->
      <group name="Sanity">
        <method signature="TC002_LoginTest.verify_login()[pri:0, instance:testCases.TC002_LoginTest@495fac5f]" name="verify_login" class="testCases.TC002_LoginTest"/>
        <method signature="TC006_WishListTest.verifyAddToWishlist()[pri:1, instance:testCases.TC006_WishListTest@7a1a3478]" name="verifyAddToWishlist" class="testCases.TC006_WishListTest"/>
      </group> <!-- Sanity -->
      <group name="Regression">
        <method signature="TC006_WishListTest.verifyAddToWishlist()[pri:1, instance:testCases.TC006_WishListTest@7a1a3478]" name="verifyAddToWishlist" class="testCases.TC006_WishListTest"/>
      </group> <!-- Regression -->
    </groups>
    <test started-at="2025-12-14T17:48:06 IST" name="Test" finished-at="2025-12-14T17:48:18 IST" duration-ms="12211">
      <class name="testCases.TC002_LoginTest">
        <test-method is-config="true" signature="setup(java.lang.String,java.lang.String)[pri:0, instance:testCases.TC002_LoginTest@495fac5f]" started-at="2025-12-14T17:48:06 IST" name="setup" finished-at="2025-12-14T17:48:11 IST" duration-ms="4717" status="PASS">
          <params>
            <param index="0">
              <value>
                <![CDATA[Windows]]>
              </value>
            </param>
            <param index="1">
              <value>
                <![CDATA[chrome]]>
              </value>
            </param>
          </params>
          <reporter-output>
          </reporter-output>
        </test-method> <!-- setup -->
        <test-method signature="verify_login()[pri:0, instance:testCases.TC002_LoginTest@495fac5f]" started-at="2025-12-14T17:48:11 IST" name="verify_login" finished-at="2025-12-14T17:48:13 IST" duration-ms="2120" status="PASS">
          <reporter-output>
          </reporter-output>
        </test-method> <!-- verify_login -->
        <test-method is-config="true" signature="tearDown()[pri:0, instance:testCases.TC002_LoginTest@495fac5f]" started-at="2025-12-14T17:48:13 IST" name="tearDown" finished-at="2025-12-14T17:48:13 IST" duration-ms="283" status="PASS">
          <reporter-output>
          </reporter-output>
        </test-method> <!-- tearDown -->
      </class> <!-- testCases.TC002_LoginTest -->
      <class name="testCases.TC006_WishListTest">
        <test-method is-config="true" signature="setup(java.lang.String,java.lang.String)[pri:0, instance:testCases.TC006_WishListTest@7a1a3478]" started-at="2025-12-14T17:48:13 IST" name="setup" finished-at="2025-12-14T17:48:16 IST" duration-ms="2871" status="PASS">
          <params>
            <param index="0">
              <value>
                <![CDATA[Windows]]>
              </value>
            </param>
            <param index="1">
              <value>
                <![CDATA[chrome]]>
              </value>
            </param>
          </params>
          <reporter-output>
          </reporter-output>
        </test-method> <!-- setup -->
        <test-method signature="verifyAddToWishlist()[pri:1, instance:testCases.TC006_WishListTest@7a1a3478]" started-at="2025-12-14T17:48:16 IST" name="verifyAddToWishlist" finished-at="2025-12-14T17:48:18 IST" duration-ms="1532" status="PASS">
          <reporter-output>
          </reporter-output>
        </test-method> <!-- verifyAddToWishlist -->
        <test-method is-config="true" signature="tearDown()[pri:0, instance:testCases.TC006_WishListTest@7a1a3478]" started-at="2025-12-14T17:48:18 IST" name="tearDown" finished-at="2025-12-14T17:48:18 IST" duration-ms="244" status="PASS">
          <reporter-output>
          </reporter-output>
        </test-method> <!-- tearDown -->
      </class> <!-- testCases.TC006_WishListTest -->
    </test> <!-- Test -->
  </suite> <!-- Master Suite -->
</testng-results>
