<?xml version="1.0" encoding="UTF-8"?>
<!-- Generated by org.testng.reporters.JUnitReportReporter -->
<testsuite hostname="DELL" failures="0" tests="6" name="testCases.TC003_LoginDDT" time="49.676" errors="0" timestamp="2025-11-10T15:13:26 IST" skipped="0">
  <testcase classname="testCases.TC003_LoginDDT" name="verify_loginDDT" time="4.878"/>
  <testcase classname="testCases.TC003_LoginDDT" name="verify_loginDDT" time="5.043"/>
  <testcase classname="testCases.TC003_LoginDDT" name="verify_loginDDT" time="14.510"/>
  <testcase classname="testCases.TC003_LoginDDT" name="verify_loginDDT" time="14.871"/>
  <testcase classname="testCases.TC003_LoginDDT" name="verify_loginDDT" time="5.086"/>
  <testcase classname="testCases.TC003_LoginDDT" name="verify_loginDDT" time="5.288"/>
</testsuite> <!-- testCases.TC003_LoginDDT -->
