<?xml version="1.0" encoding="UTF-8"?>
<!-- Generated by org.testng.reporters.JUnitReportReporter -->
<testsuite hostname="DELL" failures="0" tests="3" name="testCases.TC004_SearchTest" time="2.613" errors="0" timestamp="2025-11-15T12:26:22 IST" skipped="0">
  <testcase classname="testCases.TC004_SearchTest" name="verifySearchWithSpecialCharacters" time="0.957"/>
  <testcase classname="testCases.TC004_SearchTest" name="verifySearchWithPartialName" time="0.769"/>
  <testcase classname="testCases.TC004_SearchTest" name="verifySearchCaseInsensitivity" time="0.887"/>
</testsuite> <!-- testCases.TC004_SearchTest -->
