<?xml version="1.0" encoding="UTF-8"?>
<!-- Generated by org.testng.reporters.JUnitReportReporter -->
<testsuite hostname="DELL" failures="0" tests="6" name="testCases.TC003_LoginDDT" time="50.444" errors="0" timestamp="2025-11-10T15:55:11 IST" skipped="0">
  <testcase classname="testCases.TC003_LoginDDT" name="verify_loginDDT" time="14.896"/>
  <testcase classname="testCases.TC003_LoginDDT" name="verify_loginDDT" time="5.436"/>
  <testcase classname="testCases.TC003_LoginDDT" name="verify_loginDDT" time="5.226"/>
  <testcase classname="testCases.TC003_LoginDDT" name="verify_loginDDT" time="4.925"/>
  <testcase classname="testCases.TC003_LoginDDT" name="verify_loginDDT" time="14.426"/>
  <testcase classname="testCases.TC003_LoginDDT" name="verify_loginDDT" time="5.535"/>
</testsuite> <!-- testCases.TC003_LoginDDT -->
