<?xml version="1.0" encoding="UTF-8"?>
<!-- Generated by org.testng.reporters.JUnitReportReporter -->
<testsuite hostname="DELL" failures="0" tests="6" name="testCases.TC003_LoginDDT" time="52.440" errors="0" timestamp="2025-11-10T12:08:47 IST" skipped="0">
  <testcase classname="testCases.TC003_LoginDDT" name="verify_loginDDT" time="5.479"/>
  <testcase classname="testCases.TC003_LoginDDT" name="verify_loginDDT" time="14.667"/>
  <testcase classname="testCases.TC003_LoginDDT" name="verify_loginDDT" time="5.623"/>
  <testcase classname="testCases.TC003_LoginDDT" name="verify_loginDDT" time="5.437"/>
  <testcase classname="testCases.TC003_LoginDDT" name="verify_loginDDT" time="14.978"/>
  <testcase classname="testCases.TC003_LoginDDT" name="verify_loginDDT" time="6.256"/>
</testsuite> <!-- testCases.TC003_LoginDDT -->
